<?xml version="1.0" encoding="UTF-8"?>
<!-- Generated by org.testng.reporters.JUnitReportReporter -->
<testsuite hostname="ThinkPad-X1" failures="0" tests="3" name="sravaniprojects.tests.SubmitOrder" time="55.481" errors="0" timestamp="2026-02-24T17:07:51 AEDT" skipped="0">
  <testcase classname="sravaniprojects.tests.SubmitOrder" name="submitOrder" time="23.585"/>
  <testcase classname="sravaniprojects.tests.SubmitOrder" name="submitOrder" time="15.031"/>
  <testcase classname="sravaniprojects.tests.SubmitOrder" name="OrderCheck" time="16.865"/>
</testsuite> <!-- sravaniprojects.tests.SubmitOrder -->
